<?xml version="1.0" encoding="UTF-8"?>
<testsuite name="ru.netology.cardDelivery.cardDelivery" tests="6" skipped="0" failures="0" errors="0" timestamp="2022-05-14T10:37:54" hostname="DESKTOP-5O79L13" time="20.647">
  <properties/>
  <testcase name="shouldCardOrderWithInvalidCity()" classname="ru.netology.cardDelivery.cardDelivery" time="4.308"/>
  <testcase name="shouldCardOrderWithInvalidName()" classname="ru.netology.cardDelivery.cardDelivery" time="1.239"/>
  <testcase name="shouldCardOrder()" classname="ru.netology.cardDelivery.cardDelivery" time="11.6"/>
  <testcase name="shouldCardOrderWithInvalidCheckBox()" classname="ru.netology.cardDelivery.cardDelivery" time="1.123"/>
  <testcase name="shouldCardOrderWithInvaliData()" classname="ru.netology.cardDelivery.cardDelivery" time="1.204"/>
  <testcase name="shouldCardOrderWithInvalidPhone()" classname="ru.netology.cardDelivery.cardDelivery" time="1.171"/>
  <system-out><![CDATA[]]></system-out>
  <system-err><![CDATA[SLF4J: Failed to load class "org.slf4j.impl.StaticLoggerBinder".
SLF4J: Defaulting to no-operation (NOP) logger implementation
SLF4J: See http://www.slf4j.org/codes.html#StaticLoggerBinder for further details.
Starting ChromeDriver 101.0.4951.41 (93c720db8323b3ec10d056025ab95c23a31997c9-refs/branch-heads/4951@{#904}) on port 39277
Only local connections are allowed.
Please see https://chromedriver.chromium.org/security-considerations for suggestions on keeping ChromeDriver safe.
ChromeDriver was started successfully.
мая 14, 2022 2:37:57 PM org.openqa.selenium.remote.ProtocolHandshake createSession
INFO: Detected dialect: W3C
]]></system-err>
</testsuite>
